<?xml version="1.0" encoding="UTF-8"?>
<robot generator="Robot 6.1.1 (Python 3.9.0 on win32)" generated="20240109 17:12:40.384" rpa="false" schemaversion="4">
<suite id="s1" name="searchSuites" source="D:\QA - Sanber\QaMobileAutomation-sanber-52-kel-1-\suites\searchSuites.robot">
<test id="s1-t1" name="User Should Be Able To Search Flight Number With Valid Flight Number" line="17">
<kw name="Login With Valid Credentials" library="loginPage" type="SETUP">
<arg>${validEmail}</arg>
<arg>${validPassword}</arg>
<kw name="Open flight Application" library="base">
<kw name="Open Application" library="AppiumLibrary">
<arg>remote_url=${REMOTE_URL}</arg>
<arg>platformName=${PLATFORM_NAME}</arg>
<arg>platformVersion=${PLATFORM_VERSION}</arg>
<arg>deviceName=${DEVICE_NAME}</arg>
<arg>appPackage=${APP_PACKAGE}</arg>
<arg>appActivity=${APP_ACTIVITY}</arg>
<doc>Opens a new application to given Appium server.
Capabilities of appium server, Android and iOS,
Please check https://github.com/appium/appium/blob/master/docs/en/writing-running-appium/server-args.md
| *Option*            | *Man.* | *Description*     |
| remote_url          | Yes    | Appium server url |
| alias               | no     | alias             |
| strict_ssl          | No     | allows you to send commands to an invalid certificate host like a self-signed one. |</doc>
<status status="PASS" starttime="20240109 17:12:41.089" endtime="20240109 17:12:52.975"/>
</kw>
<status status="PASS" starttime="20240109 17:12:41.089" endtime="20240109 17:12:52.975"/>
</kw>
<kw name="Click Sign In Button HomePage" library="homePage">
<kw name="Wait Until Element Is Visible" library="AppiumLibrary">
<arg>${signIn_Button}</arg>
<doc>Waits until element specified with `locator` is visible.</doc>
<msg timestamp="20240109 17:12:54.499" level="INFO">xpath criteria: //android.widget.Button[@resource-id="com.example.myapplication:id/login"]</msg>
<status status="PASS" starttime="20240109 17:12:52.976" endtime="20240109 17:12:54.500"/>
</kw>
<kw name="Click Element" library="AppiumLibrary">
<arg>${signIn_Button}</arg>
<doc>Click element identified by `locator`.</doc>
<msg timestamp="20240109 17:12:54.505" level="INFO">Clicking element '//android.widget.Button[@resource-id="com.example.myapplication:id/login"]'.</msg>
<msg timestamp="20240109 17:12:54.833" level="INFO">xpath criteria: //android.widget.Button[@resource-id="com.example.myapplication:id/login"]</msg>
<status status="PASS" starttime="20240109 17:12:54.500" endtime="20240109 17:12:54.833"/>
</kw>
<status status="PASS" starttime="20240109 17:12:52.976" endtime="20240109 17:12:54.833"/>
</kw>
<kw name="Verify Login Page Appear" library="loginPage">
<kw name="Wait Until Element Is Visible" library="AppiumLibrary">
<arg>${userName_input_loginPage}</arg>
<doc>Waits until element specified with `locator` is visible.</doc>
<msg timestamp="20240109 17:12:56.713" level="INFO">xpath criteria: //android.widget.EditText[@resource-id="com.example.myapplication:id/username"]
xpath criteria: //android.widget.EditText[@resource-id="com.example.myapplication:id/username"]</msg>
<status status="PASS" starttime="20240109 17:12:54.835" endtime="20240109 17:12:56.713"/>
</kw>
<kw name="Wait Until Element Is Visible" library="AppiumLibrary">
<arg>${password_input_loginPage}</arg>
<doc>Waits until element specified with `locator` is visible.</doc>
<msg timestamp="20240109 17:12:56.894" level="INFO">xpath criteria: //android.widget.EditText[@resource-id="com.example.myapplication:id/password"]</msg>
<status status="PASS" starttime="20240109 17:12:56.714" endtime="20240109 17:12:56.894"/>
</kw>
<kw name="Wait Until Element Is Visible" library="AppiumLibrary">
<arg>${signIn_Button_loginPage}</arg>
<doc>Waits until element specified with `locator` is visible.</doc>
<msg timestamp="20240109 17:12:57.103" level="INFO">xpath criteria: //android.widget.Button[@resource-id="com.example.myapplication:id/signIn"]</msg>
<status status="PASS" starttime="20240109 17:12:56.894" endtime="20240109 17:12:57.104"/>
</kw>
<status status="PASS" starttime="20240109 17:12:54.834" endtime="20240109 17:12:57.104"/>
</kw>
<kw name="Input Username On Login Page" library="loginPage">
<arg>${email}</arg>
<kw name="Input Text" library="AppiumLibrary">
<arg>${userName_input_loginPage}</arg>
<arg>${email}</arg>
<doc>Types the given `text` into text field identified by `locator`.</doc>
<msg timestamp="20240109 17:12:57.110" level="INFO">Typing text 'support@ngendigital.com' into text field '//android.widget.EditText[@resource-id="com.example.myapplication:id/username"]'</msg>
<msg timestamp="20240109 17:12:57.427" level="INFO">xpath criteria: //android.widget.EditText[@resource-id="com.example.myapplication:id/username"]</msg>
<status status="PASS" starttime="20240109 17:12:57.105" endtime="20240109 17:12:57.427"/>
</kw>
<status status="PASS" starttime="20240109 17:12:57.104" endtime="20240109 17:12:57.427"/>
</kw>
<kw name="Input Password On Login Page" library="loginPage">
<arg>${password}</arg>
<kw name="Input Text" library="AppiumLibrary">
<arg>${password_input_loginPage}</arg>
<arg>${password}</arg>
<doc>Types the given `text` into text field identified by `locator`.</doc>
<msg timestamp="20240109 17:12:57.436" level="INFO">Typing text 'abc123' into text field '//android.widget.EditText[@resource-id="com.example.myapplication:id/password"]'</msg>
<msg timestamp="20240109 17:12:58.251" level="INFO">xpath criteria: //android.widget.EditText[@resource-id="com.example.myapplication:id/password"]</msg>
<status status="PASS" starttime="20240109 17:12:57.429" endtime="20240109 17:12:58.251"/>
</kw>
<status status="PASS" starttime="20240109 17:12:57.428" endtime="20240109 17:12:58.251"/>
</kw>
<kw name="Click Sign In Button loginPage" library="loginPage">
<kw name="Click Element" library="AppiumLibrary">
<arg>${signIn_Button_loginPage}</arg>
<doc>Click element identified by `locator`.</doc>
<msg timestamp="20240109 17:12:58.255" level="INFO">Clicking element '//android.widget.Button[@resource-id="com.example.myapplication:id/signIn"]'.</msg>
<msg timestamp="20240109 17:12:59.136" level="INFO">xpath criteria: //android.widget.Button[@resource-id="com.example.myapplication:id/signIn"]</msg>
<status status="PASS" starttime="20240109 17:12:58.252" endtime="20240109 17:12:59.137"/>
</kw>
<status status="PASS" starttime="20240109 17:12:58.251" endtime="20240109 17:12:59.137"/>
</kw>
<kw name="Verify User Log In" library="homePage">
<kw name="Wait Until Element Is Visible" library="AppiumLibrary">
<arg>${userName_view_homePage}</arg>
<doc>Waits until element specified with `locator` is visible.</doc>
<msg timestamp="20240109 17:13:00.033" level="INFO">xpath criteria: //android.widget.TextView[@resource-id="com.example.myapplication:id/textView"]
xpath criteria: //android.widget.TextView[@resource-id="com.example.myapplication:id/textView"]</msg>
<status status="PASS" starttime="20240109 17:12:59.138" endtime="20240109 17:13:00.034"/>
</kw>
<status status="PASS" starttime="20240109 17:12:59.137" endtime="20240109 17:13:00.034"/>
</kw>
<status status="PASS" starttime="20240109 17:12:41.088" endtime="20240109 17:13:00.034"/>
</kw>
<kw name="Click SearchLink In HomePage" library="searchPage">
<kw name="Click Element" library="AppiumLibrary">
<arg>${searchFlightLink}</arg>
<doc>Click element identified by `locator`.</doc>
<msg timestamp="20240109 17:13:00.042" level="INFO">Clicking element '//android.widget.Button[@resource-id="com.example.myapplication:id/search_flight"]'.</msg>
<msg timestamp="20240109 17:13:00.274" level="INFO">xpath criteria: //android.widget.Button[@resource-id="com.example.myapplication:id/search_flight"]</msg>
<status status="PASS" starttime="20240109 17:13:00.036" endtime="20240109 17:13:00.274"/>
</kw>
<status status="PASS" starttime="20240109 17:13:00.035" endtime="20240109 17:13:00.275"/>
</kw>
<kw name="Search Flight Appear" library="searchPage">
<kw name="Wait Until Element Is Visible" library="AppiumLibrary">
<arg>${searchFlightInput}</arg>
<doc>Waits until element specified with `locator` is visible.</doc>
<msg timestamp="20240109 17:13:02.200" level="INFO">xpath criteria: //android.widget.EditText[@resource-id="com.example.myapplication:id/flight_number"]
xpath criteria: //android.widget.EditText[@resource-id="com.example.myapplication:id/flight_number"]</msg>
<status status="PASS" starttime="20240109 17:13:00.276" endtime="20240109 17:13:02.200"/>
</kw>
<kw name="Wait Until Element Is Visible" library="AppiumLibrary">
<arg>${searchFlightButton}</arg>
<doc>Waits until element specified with `locator` is visible.</doc>
<msg timestamp="20240109 17:13:02.451" level="INFO">xpath criteria: //android.widget.Button[@resource-id="com.example.myapplication:id/searchFlight"]</msg>
<status status="PASS" starttime="20240109 17:13:02.201" endtime="20240109 17:13:02.451"/>
</kw>
<status status="PASS" starttime="20240109 17:13:00.276" endtime="20240109 17:13:02.452"/>
</kw>
<kw name="Input Flight Number" library="searchPage">
<arg>${validFlightNumber}</arg>
<kw name="Click Element" library="AppiumLibrary">
<arg>${searchFlightInput}</arg>
<doc>Click element identified by `locator`.</doc>
<msg timestamp="20240109 17:13:02.459" level="INFO">Clicking element '//android.widget.EditText[@resource-id="com.example.myapplication:id/flight_number"]'.</msg>
<msg timestamp="20240109 17:13:03.560" level="INFO">xpath criteria: //android.widget.EditText[@resource-id="com.example.myapplication:id/flight_number"]</msg>
<status status="PASS" starttime="20240109 17:13:02.454" endtime="20240109 17:13:03.560"/>
</kw>
<kw name="Input Text Into Current Element" library="AppiumLibrary">
<arg>${flightNumber}</arg>
<doc>Types the given `text` into currently selected text field.</doc>
<msg timestamp="20240109 17:13:03.565" level="INFO">Typing text 'DA935' into current text field</msg>
<status status="PASS" starttime="20240109 17:13:03.561" endtime="20240109 17:13:03.806"/>
</kw>
<status status="PASS" starttime="20240109 17:13:02.453" endtime="20240109 17:13:03.807"/>
</kw>
<kw name="Click SearchFlight Button" library="searchPage">
<kw name="Click Element" library="AppiumLibrary">
<arg>${searchFlightButton}</arg>
<doc>Click element identified by `locator`.</doc>
<msg timestamp="20240109 17:13:03.815" level="INFO">Clicking element '//android.widget.Button[@resource-id="com.example.myapplication:id/searchFlight"]'.</msg>
<msg timestamp="20240109 17:13:05.293" level="INFO">xpath criteria: //android.widget.Button[@resource-id="com.example.myapplication:id/searchFlight"]</msg>
<status status="PASS" starttime="20240109 17:13:03.809" endtime="20240109 17:13:05.293"/>
</kw>
<status status="PASS" starttime="20240109 17:13:03.808" endtime="20240109 17:13:05.293"/>
</kw>
<kw name="Flight Detail Page Appear" library="searchPage">
<kw name="Wait Until Element Is Visible" library="AppiumLibrary">
<arg>${flightNumber}</arg>
<doc>Waits until element specified with `locator` is visible.</doc>
<msg timestamp="20240109 17:13:07.023" level="INFO">xpath criteria: //android.widget.TextView[@text="DA 935"]
xpath criteria: //android.widget.TextView[@text="DA 935"]</msg>
<status status="PASS" starttime="20240109 17:13:05.295" endtime="20240109 17:13:07.023"/>
</kw>
<status status="PASS" starttime="20240109 17:13:05.294" endtime="20240109 17:13:07.023"/>
</kw>
<kw name="Close flight Application" library="base" type="TEARDOWN">
<kw name="Close Application" library="AppiumLibrary">
<doc>Closes the current application and also close webdriver session.</doc>
<status status="PASS" starttime="20240109 17:13:07.025" endtime="20240109 17:13:07.803"/>
</kw>
<status status="PASS" starttime="20240109 17:13:07.024" endtime="20240109 17:13:07.803"/>
</kw>
<status status="PASS" starttime="20240109 17:12:41.087" endtime="20240109 17:13:07.804"/>
</test>
<test id="s1-t2" name="User Not Be Able To Search Flight Number With Empty Flight Number" line="32">
<kw name="Login With Valid Credentials" library="loginPage" type="SETUP">
<arg>${validEmail}</arg>
<arg>${validPassword}</arg>
<kw name="Open flight Application" library="base">
<kw name="Open Application" library="AppiumLibrary">
<arg>remote_url=${REMOTE_URL}</arg>
<arg>platformName=${PLATFORM_NAME}</arg>
<arg>platformVersion=${PLATFORM_VERSION}</arg>
<arg>deviceName=${DEVICE_NAME}</arg>
<arg>appPackage=${APP_PACKAGE}</arg>
<arg>appActivity=${APP_ACTIVITY}</arg>
<doc>Opens a new application to given Appium server.
Capabilities of appium server, Android and iOS,
Please check https://github.com/appium/appium/blob/master/docs/en/writing-running-appium/server-args.md
| *Option*            | *Man.* | *Description*     |
| remote_url          | Yes    | Appium server url |
| alias               | no     | alias             |
| strict_ssl          | No     | allows you to send commands to an invalid certificate host like a self-signed one. |</doc>
<status status="PASS" starttime="20240109 17:13:07.812" endtime="20240109 17:13:18.438"/>
</kw>
<status status="PASS" starttime="20240109 17:13:07.812" endtime="20240109 17:13:18.438"/>
</kw>
<kw name="Click Sign In Button HomePage" library="homePage">
<kw name="Wait Until Element Is Visible" library="AppiumLibrary">
<arg>${signIn_Button}</arg>
<doc>Waits until element specified with `locator` is visible.</doc>
<msg timestamp="20240109 17:13:19.916" level="INFO">xpath criteria: //android.widget.Button[@resource-id="com.example.myapplication:id/login"]</msg>
<status status="PASS" starttime="20240109 17:13:18.439" endtime="20240109 17:13:19.917"/>
</kw>
<kw name="Click Element" library="AppiumLibrary">
<arg>${signIn_Button}</arg>
<doc>Click element identified by `locator`.</doc>
<msg timestamp="20240109 17:13:19.920" level="INFO">Clicking element '//android.widget.Button[@resource-id="com.example.myapplication:id/login"]'.</msg>
<msg timestamp="20240109 17:13:20.236" level="INFO">xpath criteria: //android.widget.Button[@resource-id="com.example.myapplication:id/login"]</msg>
<status status="PASS" starttime="20240109 17:13:19.917" endtime="20240109 17:13:20.236"/>
</kw>
<status status="PASS" starttime="20240109 17:13:18.438" endtime="20240109 17:13:20.236"/>
</kw>
<kw name="Verify Login Page Appear" library="loginPage">
<kw name="Wait Until Element Is Visible" library="AppiumLibrary">
<arg>${userName_input_loginPage}</arg>
<doc>Waits until element specified with `locator` is visible.</doc>
<msg timestamp="20240109 17:13:21.682" level="INFO">xpath criteria: //android.widget.EditText[@resource-id="com.example.myapplication:id/username"]
xpath criteria: //android.widget.EditText[@resource-id="com.example.myapplication:id/username"]</msg>
<status status="PASS" starttime="20240109 17:13:20.237" endtime="20240109 17:13:21.682"/>
</kw>
<kw name="Wait Until Element Is Visible" library="AppiumLibrary">
<arg>${password_input_loginPage}</arg>
<doc>Waits until element specified with `locator` is visible.</doc>
<msg timestamp="20240109 17:13:21.913" level="INFO">xpath criteria: //android.widget.EditText[@resource-id="com.example.myapplication:id/password"]</msg>
<status status="PASS" starttime="20240109 17:13:21.682" endtime="20240109 17:13:21.913"/>
</kw>
<kw name="Wait Until Element Is Visible" library="AppiumLibrary">
<arg>${signIn_Button_loginPage}</arg>
<doc>Waits until element specified with `locator` is visible.</doc>
<msg timestamp="20240109 17:13:22.177" level="INFO">xpath criteria: //android.widget.Button[@resource-id="com.example.myapplication:id/signIn"]</msg>
<status status="PASS" starttime="20240109 17:13:21.913" endtime="20240109 17:13:22.177"/>
</kw>
<status status="PASS" starttime="20240109 17:13:20.237" endtime="20240109 17:13:22.177"/>
</kw>
<kw name="Input Username On Login Page" library="loginPage">
<arg>${email}</arg>
<kw name="Input Text" library="AppiumLibrary">
<arg>${userName_input_loginPage}</arg>
<arg>${email}</arg>
<doc>Types the given `text` into text field identified by `locator`.</doc>
<msg timestamp="20240109 17:13:22.184" level="INFO">Typing text 'support@ngendigital.com' into text field '//android.widget.EditText[@resource-id="com.example.myapplication:id/username"]'</msg>
<msg timestamp="20240109 17:13:22.461" level="INFO">xpath criteria: //android.widget.EditText[@resource-id="com.example.myapplication:id/username"]</msg>
<status status="PASS" starttime="20240109 17:13:22.178" endtime="20240109 17:13:22.461"/>
</kw>
<status status="PASS" starttime="20240109 17:13:22.177" endtime="20240109 17:13:22.461"/>
</kw>
<kw name="Input Password On Login Page" library="loginPage">
<arg>${password}</arg>
<kw name="Input Text" library="AppiumLibrary">
<arg>${password_input_loginPage}</arg>
<arg>${password}</arg>
<doc>Types the given `text` into text field identified by `locator`.</doc>
<msg timestamp="20240109 17:13:22.468" level="INFO">Typing text 'abc123' into text field '//android.widget.EditText[@resource-id="com.example.myapplication:id/password"]'</msg>
<msg timestamp="20240109 17:13:23.323" level="INFO">xpath criteria: //android.widget.EditText[@resource-id="com.example.myapplication:id/password"]</msg>
<status status="PASS" starttime="20240109 17:13:22.462" endtime="20240109 17:13:23.323"/>
</kw>
<status status="PASS" starttime="20240109 17:13:22.461" endtime="20240109 17:13:23.323"/>
</kw>
<kw name="Click Sign In Button loginPage" library="loginPage">
<kw name="Click Element" library="AppiumLibrary">
<arg>${signIn_Button_loginPage}</arg>
<doc>Click element identified by `locator`.</doc>
<msg timestamp="20240109 17:13:23.328" level="INFO">Clicking element '//android.widget.Button[@resource-id="com.example.myapplication:id/signIn"]'.</msg>
<msg timestamp="20240109 17:13:24.031" level="INFO">xpath criteria: //android.widget.Button[@resource-id="com.example.myapplication:id/signIn"]</msg>
<status status="PASS" starttime="20240109 17:13:23.324" endtime="20240109 17:13:24.032"/>
</kw>
<status status="PASS" starttime="20240109 17:13:23.323" endtime="20240109 17:13:24.032"/>
</kw>
<kw name="Verify User Log In" library="homePage">
<kw name="Wait Until Element Is Visible" library="AppiumLibrary">
<arg>${userName_view_homePage}</arg>
<doc>Waits until element specified with `locator` is visible.</doc>
<msg timestamp="20240109 17:13:24.961" level="INFO">xpath criteria: //android.widget.TextView[@resource-id="com.example.myapplication:id/textView"]</msg>
<status status="PASS" starttime="20240109 17:13:24.033" endtime="20240109 17:13:24.961"/>
</kw>
<status status="PASS" starttime="20240109 17:13:24.032" endtime="20240109 17:13:24.961"/>
</kw>
<status status="PASS" starttime="20240109 17:13:07.810" endtime="20240109 17:13:24.961"/>
</kw>
<kw name="Click SearchLink In HomePage" library="searchPage">
<kw name="Click Element" library="AppiumLibrary">
<arg>${searchFlightLink}</arg>
<doc>Click element identified by `locator`.</doc>
<msg timestamp="20240109 17:13:24.971" level="INFO">Clicking element '//android.widget.Button[@resource-id="com.example.myapplication:id/search_flight"]'.</msg>
<msg timestamp="20240109 17:13:25.336" level="INFO">xpath criteria: //android.widget.Button[@resource-id="com.example.myapplication:id/search_flight"]</msg>
<status status="PASS" starttime="20240109 17:13:24.964" endtime="20240109 17:13:25.336"/>
</kw>
<status status="PASS" starttime="20240109 17:13:24.963" endtime="20240109 17:13:25.336"/>
</kw>
<kw name="Search Flight Appear" library="searchPage">
<kw name="Wait Until Element Is Visible" library="AppiumLibrary">
<arg>${searchFlightInput}</arg>
<doc>Waits until element specified with `locator` is visible.</doc>
<msg timestamp="20240109 17:13:26.740" level="INFO">xpath criteria: //android.widget.EditText[@resource-id="com.example.myapplication:id/flight_number"]
xpath criteria: //android.widget.EditText[@resource-id="com.example.myapplication:id/flight_number"]</msg>
<status status="PASS" starttime="20240109 17:13:25.339" endtime="20240109 17:13:26.740"/>
</kw>
<kw name="Wait Until Element Is Visible" library="AppiumLibrary">
<arg>${searchFlightButton}</arg>
<doc>Waits until element specified with `locator` is visible.</doc>
<msg timestamp="20240109 17:13:26.938" level="INFO">xpath criteria: //android.widget.Button[@resource-id="com.example.myapplication:id/searchFlight"]</msg>
<status status="PASS" starttime="20240109 17:13:26.740" endtime="20240109 17:13:26.938"/>
</kw>
<status status="PASS" starttime="20240109 17:13:25.338" endtime="20240109 17:13:26.938"/>
</kw>
<kw name="Click SearchFlight Button" library="searchPage">
<kw name="Click Element" library="AppiumLibrary">
<arg>${searchFlightButton}</arg>
<doc>Click element identified by `locator`.</doc>
<msg timestamp="20240109 17:13:26.948" level="INFO">Clicking element '//android.widget.Button[@resource-id="com.example.myapplication:id/searchFlight"]'.</msg>
<msg timestamp="20240109 17:13:27.234" level="INFO">xpath criteria: //android.widget.Button[@resource-id="com.example.myapplication:id/searchFlight"]</msg>
<status status="PASS" starttime="20240109 17:13:26.940" endtime="20240109 17:13:27.235"/>
</kw>
<status status="PASS" starttime="20240109 17:13:26.939" endtime="20240109 17:13:27.235"/>
</kw>
<kw name="Message Invalid Search Appear" library="searchPage">
<kw name="Wait Until Page Contains Element" library="AppiumLibrary">
<arg>${searchFlightMessage}</arg>
<doc>Waits until element specified with `locator` appears on current page.</doc>
<msg timestamp="20240109 17:13:27.428" level="INFO">xpath criteria: //android.widget.Toast[@text="Please enter valid Flight Number"]</msg>
<status status="PASS" starttime="20240109 17:13:27.236" endtime="20240109 17:13:27.428"/>
</kw>
<status status="PASS" starttime="20240109 17:13:27.236" endtime="20240109 17:13:27.429"/>
</kw>
<kw name="Close flight Application" library="base" type="TEARDOWN">
<kw name="Close Application" library="AppiumLibrary">
<doc>Closes the current application and also close webdriver session.</doc>
<status status="PASS" starttime="20240109 17:13:27.431" endtime="20240109 17:13:28.181"/>
</kw>
<status status="PASS" starttime="20240109 17:13:27.430" endtime="20240109 17:13:28.181"/>
</kw>
<status status="PASS" starttime="20240109 17:13:07.809" endtime="20240109 17:13:28.183"/>
</test>
<test id="s1-t3" name="User Not Be Able To Search Flight Number With InValid Flight Number" line="45">
<kw name="Login With Valid Credentials" library="loginPage" type="SETUP">
<arg>${validEmail}</arg>
<arg>${validPassword}</arg>
<kw name="Open flight Application" library="base">
<kw name="Open Application" library="AppiumLibrary">
<arg>remote_url=${REMOTE_URL}</arg>
<arg>platformName=${PLATFORM_NAME}</arg>
<arg>platformVersion=${PLATFORM_VERSION}</arg>
<arg>deviceName=${DEVICE_NAME}</arg>
<arg>appPackage=${APP_PACKAGE}</arg>
<arg>appActivity=${APP_ACTIVITY}</arg>
<doc>Opens a new application to given Appium server.
Capabilities of appium server, Android and iOS,
Please check https://github.com/appium/appium/blob/master/docs/en/writing-running-appium/server-args.md
| *Option*            | *Man.* | *Description*     |
| remote_url          | Yes    | Appium server url |
| alias               | no     | alias             |
| strict_ssl          | No     | allows you to send commands to an invalid certificate host like a self-signed one. |</doc>
<status status="PASS" starttime="20240109 17:13:28.188" endtime="20240109 17:13:40.214"/>
</kw>
<status status="PASS" starttime="20240109 17:13:28.188" endtime="20240109 17:13:40.214"/>
</kw>
<kw name="Click Sign In Button HomePage" library="homePage">
<kw name="Wait Until Element Is Visible" library="AppiumLibrary">
<arg>${signIn_Button}</arg>
<doc>Waits until element specified with `locator` is visible.</doc>
<msg timestamp="20240109 17:13:42.539" level="INFO">xpath criteria: //android.widget.Button[@resource-id="com.example.myapplication:id/login"]</msg>
<status status="PASS" starttime="20240109 17:13:40.215" endtime="20240109 17:13:42.540"/>
</kw>
<kw name="Click Element" library="AppiumLibrary">
<arg>${signIn_Button}</arg>
<doc>Click element identified by `locator`.</doc>
<msg timestamp="20240109 17:13:42.543" level="INFO">Clicking element '//android.widget.Button[@resource-id="com.example.myapplication:id/login"]'.</msg>
<msg timestamp="20240109 17:13:42.885" level="INFO">xpath criteria: //android.widget.Button[@resource-id="com.example.myapplication:id/login"]</msg>
<status status="PASS" starttime="20240109 17:13:42.540" endtime="20240109 17:13:42.886"/>
</kw>
<status status="PASS" starttime="20240109 17:13:40.214" endtime="20240109 17:13:42.886"/>
</kw>
<kw name="Verify Login Page Appear" library="loginPage">
<kw name="Wait Until Element Is Visible" library="AppiumLibrary">
<arg>${userName_input_loginPage}</arg>
<doc>Waits until element specified with `locator` is visible.</doc>
<msg timestamp="20240109 17:13:44.408" level="INFO">xpath criteria: //android.widget.EditText[@resource-id="com.example.myapplication:id/username"]
xpath criteria: //android.widget.EditText[@resource-id="com.example.myapplication:id/username"]</msg>
<status status="PASS" starttime="20240109 17:13:42.887" endtime="20240109 17:13:44.408"/>
</kw>
<kw name="Wait Until Element Is Visible" library="AppiumLibrary">
<arg>${password_input_loginPage}</arg>
<doc>Waits until element specified with `locator` is visible.</doc>
<msg timestamp="20240109 17:13:44.653" level="INFO">xpath criteria: //android.widget.EditText[@resource-id="com.example.myapplication:id/password"]</msg>
<status status="PASS" starttime="20240109 17:13:44.409" endtime="20240109 17:13:44.653"/>
</kw>
<kw name="Wait Until Element Is Visible" library="AppiumLibrary">
<arg>${signIn_Button_loginPage}</arg>
<doc>Waits until element specified with `locator` is visible.</doc>
<msg timestamp="20240109 17:13:44.889" level="INFO">xpath criteria: //android.widget.Button[@resource-id="com.example.myapplication:id/signIn"]</msg>
<status status="PASS" starttime="20240109 17:13:44.654" endtime="20240109 17:13:44.889"/>
</kw>
<status status="PASS" starttime="20240109 17:13:42.886" endtime="20240109 17:13:44.889"/>
</kw>
<kw name="Input Username On Login Page" library="loginPage">
<arg>${email}</arg>
<kw name="Input Text" library="AppiumLibrary">
<arg>${userName_input_loginPage}</arg>
<arg>${email}</arg>
<doc>Types the given `text` into text field identified by `locator`.</doc>
<msg timestamp="20240109 17:13:44.893" level="INFO">Typing text 'support@ngendigital.com' into text field '//android.widget.EditText[@resource-id="com.example.myapplication:id/username"]'</msg>
<msg timestamp="20240109 17:13:45.178" level="INFO">xpath criteria: //android.widget.EditText[@resource-id="com.example.myapplication:id/username"]</msg>
<status status="PASS" starttime="20240109 17:13:44.890" endtime="20240109 17:13:45.178"/>
</kw>
<status status="PASS" starttime="20240109 17:13:44.889" endtime="20240109 17:13:45.179"/>
</kw>
<kw name="Input Password On Login Page" library="loginPage">
<arg>${password}</arg>
<kw name="Input Text" library="AppiumLibrary">
<arg>${password_input_loginPage}</arg>
<arg>${password}</arg>
<doc>Types the given `text` into text field identified by `locator`.</doc>
<msg timestamp="20240109 17:13:45.185" level="INFO">Typing text 'abc123' into text field '//android.widget.EditText[@resource-id="com.example.myapplication:id/password"]'</msg>
<msg timestamp="20240109 17:13:46.502" level="INFO">xpath criteria: //android.widget.EditText[@resource-id="com.example.myapplication:id/password"]</msg>
<status status="PASS" starttime="20240109 17:13:45.180" endtime="20240109 17:13:46.502"/>
</kw>
<status status="PASS" starttime="20240109 17:13:45.179" endtime="20240109 17:13:46.502"/>
</kw>
<kw name="Click Sign In Button loginPage" library="loginPage">
<kw name="Click Element" library="AppiumLibrary">
<arg>${signIn_Button_loginPage}</arg>
<doc>Click element identified by `locator`.</doc>
<msg timestamp="20240109 17:13:46.509" level="INFO">Clicking element '//android.widget.Button[@resource-id="com.example.myapplication:id/signIn"]'.</msg>
<msg timestamp="20240109 17:13:47.318" level="INFO">xpath criteria: //android.widget.Button[@resource-id="com.example.myapplication:id/signIn"]</msg>
<status status="PASS" starttime="20240109 17:13:46.503" endtime="20240109 17:13:47.319"/>
</kw>
<status status="PASS" starttime="20240109 17:13:46.503" endtime="20240109 17:13:47.319"/>
</kw>
<kw name="Verify User Log In" library="homePage">
<kw name="Wait Until Element Is Visible" library="AppiumLibrary">
<arg>${userName_view_homePage}</arg>
<doc>Waits until element specified with `locator` is visible.</doc>
<msg timestamp="20240109 17:13:48.247" level="INFO">xpath criteria: //android.widget.TextView[@resource-id="com.example.myapplication:id/textView"]
xpath criteria: //android.widget.TextView[@resource-id="com.example.myapplication:id/textView"]</msg>
<status status="PASS" starttime="20240109 17:13:47.320" endtime="20240109 17:13:48.248"/>
</kw>
<status status="PASS" starttime="20240109 17:13:47.319" endtime="20240109 17:13:48.248"/>
</kw>
<status status="PASS" starttime="20240109 17:13:28.187" endtime="20240109 17:13:48.248"/>
</kw>
<kw name="Click SearchLink In HomePage" library="searchPage">
<kw name="Click Element" library="AppiumLibrary">
<arg>${searchFlightLink}</arg>
<doc>Click element identified by `locator`.</doc>
<msg timestamp="20240109 17:13:48.253" level="INFO">Clicking element '//android.widget.Button[@resource-id="com.example.myapplication:id/search_flight"]'.</msg>
<msg timestamp="20240109 17:13:48.558" level="INFO">xpath criteria: //android.widget.Button[@resource-id="com.example.myapplication:id/search_flight"]</msg>
<status status="PASS" starttime="20240109 17:13:48.249" endtime="20240109 17:13:48.558"/>
</kw>
<status status="PASS" starttime="20240109 17:13:48.249" endtime="20240109 17:13:48.558"/>
</kw>
<kw name="Search Flight Appear" library="searchPage">
<kw name="Wait Until Element Is Visible" library="AppiumLibrary">
<arg>${searchFlightInput}</arg>
<doc>Waits until element specified with `locator` is visible.</doc>
<msg timestamp="20240109 17:13:50.207" level="INFO">xpath criteria: //android.widget.EditText[@resource-id="com.example.myapplication:id/flight_number"]
xpath criteria: //android.widget.EditText[@resource-id="com.example.myapplication:id/flight_number"]</msg>
<status status="PASS" starttime="20240109 17:13:48.561" endtime="20240109 17:13:50.208"/>
</kw>
<kw name="Wait Until Element Is Visible" library="AppiumLibrary">
<arg>${searchFlightButton}</arg>
<doc>Waits until element specified with `locator` is visible.</doc>
<msg timestamp="20240109 17:13:50.494" level="INFO">xpath criteria: //android.widget.Button[@resource-id="com.example.myapplication:id/searchFlight"]</msg>
<status status="PASS" starttime="20240109 17:13:50.208" endtime="20240109 17:13:50.494"/>
</kw>
<status status="PASS" starttime="20240109 17:13:48.559" endtime="20240109 17:13:50.495"/>
</kw>
<kw name="Input Flight Number" library="searchPage">
<arg>${invalidFlightNumber}</arg>
<kw name="Click Element" library="AppiumLibrary">
<arg>${searchFlightInput}</arg>
<doc>Click element identified by `locator`.</doc>
<msg timestamp="20240109 17:13:50.504" level="INFO">Clicking element '//android.widget.EditText[@resource-id="com.example.myapplication:id/flight_number"]'.</msg>
<msg timestamp="20240109 17:13:51.510" level="INFO">xpath criteria: //android.widget.EditText[@resource-id="com.example.myapplication:id/flight_number"]</msg>
<status status="PASS" starttime="20240109 17:13:50.498" endtime="20240109 17:13:51.510"/>
</kw>
<kw name="Input Text Into Current Element" library="AppiumLibrary">
<arg>${flightNumber}</arg>
<doc>Types the given `text` into currently selected text field.</doc>
<msg timestamp="20240109 17:13:51.515" level="INFO">Typing text '12345' into current text field</msg>
<status status="PASS" starttime="20240109 17:13:51.510" endtime="20240109 17:13:51.746"/>
</kw>
<status status="PASS" starttime="20240109 17:13:50.497" endtime="20240109 17:13:51.746"/>
</kw>
<kw name="Click SearchFlight Button" library="searchPage">
<kw name="Click Element" library="AppiumLibrary">
<arg>${searchFlightButton}</arg>
<doc>Click element identified by `locator`.</doc>
<msg timestamp="20240109 17:13:51.753" level="INFO">Clicking element '//android.widget.Button[@resource-id="com.example.myapplication:id/searchFlight"]'.</msg>
<msg timestamp="20240109 17:13:52.683" level="INFO">xpath criteria: //android.widget.Button[@resource-id="com.example.myapplication:id/searchFlight"]</msg>
<status status="PASS" starttime="20240109 17:13:51.748" endtime="20240109 17:13:52.684"/>
</kw>
<status status="PASS" starttime="20240109 17:13:51.747" endtime="20240109 17:13:52.684"/>
</kw>
<kw name="Message Invalid Search Appear" library="searchPage">
<kw name="Wait Until Page Contains Element" library="AppiumLibrary">
<arg>${searchFlightMessage}</arg>
<doc>Waits until element specified with `locator` appears on current page.</doc>
<msg timestamp="20240109 17:13:56.753" level="INFO">xpath criteria: //android.widget.Toast[@text="Please enter valid Flight Number"]
xpath criteria: //android.widget.Toast[@text="Please enter valid Flight Number"]
xpath criteria: //android.widget.Toast[@text="Please enter valid Flight Number"]
xpath criteria: //android.widget.Toast[@text="Please enter valid Flight Number"]
xpath criteria: //android.widget.Toast[@text="Please enter valid Flight Number"]
xpath criteria: //android.widget.Toast[@text="Please enter valid Flight Number"]
xpath criteria: //android.widget.Toast[@text="Please enter valid Flight Number"]</msg>
<status status="PASS" starttime="20240109 17:13:52.686" endtime="20240109 17:13:56.753"/>
</kw>
<status status="PASS" starttime="20240109 17:13:52.685" endtime="20240109 17:13:56.753"/>
</kw>
<kw name="Close flight Application" library="base" type="TEARDOWN">
<kw name="Close Application" library="AppiumLibrary">
<doc>Closes the current application and also close webdriver session.</doc>
<status status="PASS" starttime="20240109 17:13:56.755" endtime="20240109 17:13:57.352"/>
</kw>
<status status="PASS" starttime="20240109 17:13:56.754" endtime="20240109 17:13:57.352"/>
</kw>
<status status="PASS" starttime="20240109 17:13:28.185" endtime="20240109 17:13:57.356"/>
</test>
<status status="PASS" starttime="20240109 17:12:40.389" endtime="20240109 17:13:57.358"/>
</suite>
<statistics>
<total>
<stat pass="3" fail="0" skip="0">All Tests</stat>
</total>
<tag>
</tag>
<suite>
<stat pass="3" fail="0" skip="0" id="s1" name="searchSuites">searchSuites</stat>
</suite>
</statistics>
<errors>
</errors>
</robot>
