<?xml version="1.0" encoding="UTF-8"?>
<robot generator="Robot 6.1.1 (Python 3.9.0 on win32)" generated="20240109 16:55:36.770" rpa="false" schemaversion="4">
<suite id="s1" name="searchSuites" source="D:\QA - Sanber\QaMobileAutomation-sanber-52-kel-1-\suites\searchSuites.robot">
<test id="s1-t1" name="User Should Be Able To Search Flight Number With Valid Flight Number" line="17">
<kw name="Login With Valid Credentials" library="loginPage" type="SETUP">
<arg>${validEmail}</arg>
<arg>${validPassword}</arg>
<kw name="Open flight Application" library="base">
<kw name="Open Application" library="AppiumLibrary">
<arg>remote_url=${REMOTE_URL}</arg>
<arg>platformName=${PLATFORM_NAME}</arg>
<arg>platformVersion=${PLATFORM_VERSION}</arg>
<arg>deviceName=${DEVICE_NAME}</arg>
<arg>appPackage=${APP_PACKAGE}</arg>
<arg>appActivity=${APP_ACTIVITY}</arg>
<doc>Opens a new application to given Appium server.
Capabilities of appium server, Android and iOS,
Please check https://github.com/appium/appium/blob/master/docs/en/writing-running-appium/server-args.md
| *Option*            | *Man.* | *Description*     |
| remote_url          | Yes    | Appium server url |
| alias               | no     | alias             |
| strict_ssl          | No     | allows you to send commands to an invalid certificate host like a self-signed one. |</doc>
<status status="PASS" starttime="20240109 16:55:37.242" endtime="20240109 16:55:49.118"/>
</kw>
<status status="PASS" starttime="20240109 16:55:37.242" endtime="20240109 16:55:49.119"/>
</kw>
<kw name="Click Sign In Button HomePage" library="homePage">
<kw name="Wait Until Element Is Visible" library="AppiumLibrary">
<arg>${signIn_Button}</arg>
<doc>Waits until element specified with `locator` is visible.</doc>
<msg timestamp="20240109 16:55:51.057" level="INFO">xpath criteria: //android.widget.Button[@resource-id="com.example.myapplication:id/login"]</msg>
<status status="PASS" starttime="20240109 16:55:49.120" endtime="20240109 16:55:51.057"/>
</kw>
<kw name="Click Element" library="AppiumLibrary">
<arg>${signIn_Button}</arg>
<doc>Click element identified by `locator`.</doc>
<msg timestamp="20240109 16:55:51.061" level="INFO">Clicking element '//android.widget.Button[@resource-id="com.example.myapplication:id/login"]'.</msg>
<msg timestamp="20240109 16:55:51.480" level="INFO">xpath criteria: //android.widget.Button[@resource-id="com.example.myapplication:id/login"]</msg>
<status status="PASS" starttime="20240109 16:55:51.057" endtime="20240109 16:55:51.480"/>
</kw>
<status status="PASS" starttime="20240109 16:55:49.119" endtime="20240109 16:55:51.480"/>
</kw>
<kw name="Verify Login Page Appear" library="loginPage">
<kw name="Wait Until Element Is Visible" library="AppiumLibrary">
<arg>${userName_input_loginPage}</arg>
<doc>Waits until element specified with `locator` is visible.</doc>
<msg timestamp="20240109 16:55:52.647" level="INFO">xpath criteria: //android.widget.EditText[@resource-id="com.example.myapplication:id/username"]
xpath criteria: //android.widget.EditText[@resource-id="com.example.myapplication:id/username"]</msg>
<status status="PASS" starttime="20240109 16:55:51.481" endtime="20240109 16:55:52.647"/>
</kw>
<kw name="Wait Until Element Is Visible" library="AppiumLibrary">
<arg>${password_input_loginPage}</arg>
<doc>Waits until element specified with `locator` is visible.</doc>
<msg timestamp="20240109 16:55:52.854" level="INFO">xpath criteria: //android.widget.EditText[@resource-id="com.example.myapplication:id/password"]</msg>
<status status="PASS" starttime="20240109 16:55:52.647" endtime="20240109 16:55:52.854"/>
</kw>
<kw name="Wait Until Element Is Visible" library="AppiumLibrary">
<arg>${signIn_Button_loginPage}</arg>
<doc>Waits until element specified with `locator` is visible.</doc>
<msg timestamp="20240109 16:55:53.095" level="INFO">xpath criteria: //android.widget.Button[@resource-id="com.example.myapplication:id/signIn"]</msg>
<status status="PASS" starttime="20240109 16:55:52.855" endtime="20240109 16:55:53.095"/>
</kw>
<status status="PASS" starttime="20240109 16:55:51.481" endtime="20240109 16:55:53.096"/>
</kw>
<kw name="Input Username On Login Page" library="loginPage">
<arg>${email}</arg>
<kw name="Input Text" library="AppiumLibrary">
<arg>${userName_input_loginPage}</arg>
<arg>${email}</arg>
<doc>Types the given `text` into text field identified by `locator`.</doc>
<msg timestamp="20240109 16:55:53.101" level="INFO">Typing text 'support@ngendigital.com' into text field '//android.widget.EditText[@resource-id="com.example.myapplication:id/username"]'</msg>
<msg timestamp="20240109 16:55:53.369" level="INFO">xpath criteria: //android.widget.EditText[@resource-id="com.example.myapplication:id/username"]</msg>
<status status="PASS" starttime="20240109 16:55:53.097" endtime="20240109 16:55:53.369"/>
</kw>
<status status="PASS" starttime="20240109 16:55:53.096" endtime="20240109 16:55:53.369"/>
</kw>
<kw name="Input Password On Login Page" library="loginPage">
<arg>${password}</arg>
<kw name="Input Text" library="AppiumLibrary">
<arg>${password_input_loginPage}</arg>
<arg>${password}</arg>
<doc>Types the given `text` into text field identified by `locator`.</doc>
<msg timestamp="20240109 16:55:53.374" level="INFO">Typing text 'abc123' into text field '//android.widget.EditText[@resource-id="com.example.myapplication:id/password"]'</msg>
<msg timestamp="20240109 16:55:54.190" level="INFO">xpath criteria: //android.widget.EditText[@resource-id="com.example.myapplication:id/password"]</msg>
<status status="PASS" starttime="20240109 16:55:53.370" endtime="20240109 16:55:54.190"/>
</kw>
<status status="PASS" starttime="20240109 16:55:53.369" endtime="20240109 16:55:54.190"/>
</kw>
<kw name="Click Sign In Button loginPage" library="loginPage">
<kw name="Click Element" library="AppiumLibrary">
<arg>${signIn_Button_loginPage}</arg>
<doc>Click element identified by `locator`.</doc>
<msg timestamp="20240109 16:55:54.195" level="INFO">Clicking element '//android.widget.Button[@resource-id="com.example.myapplication:id/signIn"]'.</msg>
<msg timestamp="20240109 16:55:54.913" level="INFO">xpath criteria: //android.widget.Button[@resource-id="com.example.myapplication:id/signIn"]</msg>
<status status="PASS" starttime="20240109 16:55:54.191" endtime="20240109 16:55:54.913"/>
</kw>
<status status="PASS" starttime="20240109 16:55:54.190" endtime="20240109 16:55:54.913"/>
</kw>
<kw name="Verify User Log In" library="homePage">
<kw name="Wait Until Element Is Visible" library="AppiumLibrary">
<arg>${userName_view_homePage}</arg>
<doc>Waits until element specified with `locator` is visible.</doc>
<msg timestamp="20240109 16:55:56.395" level="INFO">xpath criteria: //android.widget.TextView[@resource-id="com.example.myapplication:id/textView"]
xpath criteria: //android.widget.TextView[@resource-id="com.example.myapplication:id/textView"]</msg>
<status status="PASS" starttime="20240109 16:55:54.914" endtime="20240109 16:55:56.395"/>
</kw>
<status status="PASS" starttime="20240109 16:55:54.914" endtime="20240109 16:55:56.395"/>
</kw>
<status status="PASS" starttime="20240109 16:55:37.241" endtime="20240109 16:55:56.395"/>
</kw>
<kw name="Click SearchLink In HomePage" library="searchPage">
<kw name="Click Element" library="AppiumLibrary">
<arg>${searchFlightLink}</arg>
<doc>Click element identified by `locator`.</doc>
<msg timestamp="20240109 16:55:56.402" level="INFO">Clicking element '//android.widget.Button[@resource-id="com.example.myapplication:id/search_flight"]'.</msg>
<msg timestamp="20240109 16:55:56.712" level="INFO">xpath criteria: //android.widget.Button[@resource-id="com.example.myapplication:id/search_flight"]</msg>
<status status="PASS" starttime="20240109 16:55:56.397" endtime="20240109 16:55:56.712"/>
</kw>
<status status="PASS" starttime="20240109 16:55:56.396" endtime="20240109 16:55:56.712"/>
</kw>
<kw name="Search Flight Appear" library="searchPage">
<kw name="Wait Until Element Is Visible" library="AppiumLibrary">
<arg>${searchFlightInput}</arg>
<doc>Waits until element specified with `locator` is visible.</doc>
<msg timestamp="20240109 16:55:57.978" level="INFO">xpath criteria: //android.widget.EditText[@resource-id="com.example.myapplication:id/flight_number"]
xpath criteria: //android.widget.EditText[@resource-id="com.example.myapplication:id/flight_number"]</msg>
<status status="PASS" starttime="20240109 16:55:56.714" endtime="20240109 16:55:57.978"/>
</kw>
<kw name="Wait Until Element Is Visible" library="AppiumLibrary">
<arg>${searchFlightButton}</arg>
<doc>Waits until element specified with `locator` is visible.</doc>
<msg timestamp="20240109 16:55:58.225" level="INFO">xpath criteria: //android.widget.Button[@resource-id="com.example.myapplication:id/searchFlight"]</msg>
<status status="PASS" starttime="20240109 16:55:57.978" endtime="20240109 16:55:58.225"/>
</kw>
<status status="PASS" starttime="20240109 16:55:56.713" endtime="20240109 16:55:58.226"/>
</kw>
<kw name="Input Flight Number" library="searchPage">
<arg>${validFlightNumber}</arg>
<kw name="Click Element" library="AppiumLibrary">
<arg>${searchFlightInput}</arg>
<doc>Click element identified by `locator`.</doc>
<msg timestamp="20240109 16:55:58.233" level="INFO">Clicking element '//android.widget.EditText[@resource-id="com.example.myapplication:id/flight_number"]'.</msg>
<msg timestamp="20240109 16:55:59.349" level="INFO">xpath criteria: //android.widget.EditText[@resource-id="com.example.myapplication:id/flight_number"]</msg>
<status status="PASS" starttime="20240109 16:55:58.229" endtime="20240109 16:55:59.350"/>
</kw>
<kw name="Input Text Into Current Element" library="AppiumLibrary">
<arg>${flightNumber}</arg>
<doc>Types the given `text` into currently selected text field.</doc>
<msg timestamp="20240109 16:55:59.354" level="INFO">Typing text 'DA935' into current text field</msg>
<status status="PASS" starttime="20240109 16:55:59.350" endtime="20240109 16:56:00.212"/>
</kw>
<status status="PASS" starttime="20240109 16:55:58.227" endtime="20240109 16:56:00.213"/>
</kw>
<kw name="Click SearchFlight Button" library="searchPage">
<kw name="Click Element" library="AppiumLibrary">
<arg>${searchFlightButton}</arg>
<doc>Click element identified by `locator`.</doc>
<msg timestamp="20240109 16:56:00.222" level="INFO">Clicking element '//android.widget.Button[@resource-id="com.example.myapplication:id/searchFlight"]'.</msg>
<msg timestamp="20240109 16:56:01.818" level="INFO">xpath criteria: //android.widget.Button[@resource-id="com.example.myapplication:id/searchFlight"]</msg>
<status status="PASS" starttime="20240109 16:56:00.215" endtime="20240109 16:56:01.819"/>
</kw>
<status status="PASS" starttime="20240109 16:56:00.214" endtime="20240109 16:56:01.819"/>
</kw>
<kw name="Flight Detail Page Appear" library="searchPage">
<kw name="Wait Until Element Is Visible" library="AppiumLibrary">
<arg>${flightNumber}</arg>
<doc>Waits until element specified with `locator` is visible.</doc>
<msg timestamp="20240109 16:56:03.130" level="INFO">xpath criteria: //android.widget.TextView[@text="DA 935"]
xpath criteria: //android.widget.TextView[@text="DA 935"]</msg>
<status status="PASS" starttime="20240109 16:56:01.821" endtime="20240109 16:56:03.130"/>
</kw>
<status status="PASS" starttime="20240109 16:56:01.820" endtime="20240109 16:56:03.130"/>
</kw>
<kw name="Close flight Application" library="base" type="TEARDOWN">
<kw name="Close Application" library="AppiumLibrary">
<doc>Closes the current application and also close webdriver session.</doc>
<status status="PASS" starttime="20240109 16:56:03.132" endtime="20240109 16:56:03.797"/>
</kw>
<status status="PASS" starttime="20240109 16:56:03.132" endtime="20240109 16:56:03.797"/>
</kw>
<status status="PASS" starttime="20240109 16:55:37.240" endtime="20240109 16:56:03.799"/>
</test>
<test id="s1-t2" name="User Not Be Able To Search Flight Number With Empty Flight Number" line="32">
<kw name="Login With Valid Credentials" library="loginPage" type="SETUP">
<arg>${validEmail}</arg>
<arg>${validPassword}</arg>
<kw name="Open flight Application" library="base">
<kw name="Open Application" library="AppiumLibrary">
<arg>remote_url=${REMOTE_URL}</arg>
<arg>platformName=${PLATFORM_NAME}</arg>
<arg>platformVersion=${PLATFORM_VERSION}</arg>
<arg>deviceName=${DEVICE_NAME}</arg>
<arg>appPackage=${APP_PACKAGE}</arg>
<arg>appActivity=${APP_ACTIVITY}</arg>
<doc>Opens a new application to given Appium server.
Capabilities of appium server, Android and iOS,
Please check https://github.com/appium/appium/blob/master/docs/en/writing-running-appium/server-args.md
| *Option*            | *Man.* | *Description*     |
| remote_url          | Yes    | Appium server url |
| alias               | no     | alias             |
| strict_ssl          | No     | allows you to send commands to an invalid certificate host like a self-signed one. |</doc>
<status status="PASS" starttime="20240109 16:56:03.805" endtime="20240109 16:56:15.154"/>
</kw>
<status status="PASS" starttime="20240109 16:56:03.804" endtime="20240109 16:56:15.154"/>
</kw>
<kw name="Click Sign In Button HomePage" library="homePage">
<kw name="Wait Until Element Is Visible" library="AppiumLibrary">
<arg>${signIn_Button}</arg>
<doc>Waits until element specified with `locator` is visible.</doc>
<msg timestamp="20240109 16:56:17.086" level="INFO">xpath criteria: //android.widget.Button[@resource-id="com.example.myapplication:id/login"]</msg>
<status status="PASS" starttime="20240109 16:56:15.155" endtime="20240109 16:56:17.086"/>
</kw>
<kw name="Click Element" library="AppiumLibrary">
<arg>${signIn_Button}</arg>
<doc>Click element identified by `locator`.</doc>
<msg timestamp="20240109 16:56:17.092" level="INFO">Clicking element '//android.widget.Button[@resource-id="com.example.myapplication:id/login"]'.</msg>
<msg timestamp="20240109 16:56:17.382" level="INFO">xpath criteria: //android.widget.Button[@resource-id="com.example.myapplication:id/login"]</msg>
<status status="PASS" starttime="20240109 16:56:17.087" endtime="20240109 16:56:17.382"/>
</kw>
<status status="PASS" starttime="20240109 16:56:15.154" endtime="20240109 16:56:17.382"/>
</kw>
<kw name="Verify Login Page Appear" library="loginPage">
<kw name="Wait Until Element Is Visible" library="AppiumLibrary">
<arg>${userName_input_loginPage}</arg>
<doc>Waits until element specified with `locator` is visible.</doc>
<msg timestamp="20240109 16:56:18.344" level="INFO">xpath criteria: //android.widget.EditText[@resource-id="com.example.myapplication:id/username"]
xpath criteria: //android.widget.EditText[@resource-id="com.example.myapplication:id/username"]</msg>
<status status="PASS" starttime="20240109 16:56:17.383" endtime="20240109 16:56:18.344"/>
</kw>
<kw name="Wait Until Element Is Visible" library="AppiumLibrary">
<arg>${password_input_loginPage}</arg>
<doc>Waits until element specified with `locator` is visible.</doc>
<msg timestamp="20240109 16:56:18.570" level="INFO">xpath criteria: //android.widget.EditText[@resource-id="com.example.myapplication:id/password"]</msg>
<status status="PASS" starttime="20240109 16:56:18.344" endtime="20240109 16:56:18.570"/>
</kw>
<kw name="Wait Until Element Is Visible" library="AppiumLibrary">
<arg>${signIn_Button_loginPage}</arg>
<doc>Waits until element specified with `locator` is visible.</doc>
<msg timestamp="20240109 16:56:18.794" level="INFO">xpath criteria: //android.widget.Button[@resource-id="com.example.myapplication:id/signIn"]</msg>
<status status="PASS" starttime="20240109 16:56:18.571" endtime="20240109 16:56:18.794"/>
</kw>
<status status="PASS" starttime="20240109 16:56:17.383" endtime="20240109 16:56:18.794"/>
</kw>
<kw name="Input Username On Login Page" library="loginPage">
<arg>${email}</arg>
<kw name="Input Text" library="AppiumLibrary">
<arg>${userName_input_loginPage}</arg>
<arg>${email}</arg>
<doc>Types the given `text` into text field identified by `locator`.</doc>
<msg timestamp="20240109 16:56:18.799" level="INFO">Typing text 'support@ngendigital.com' into text field '//android.widget.EditText[@resource-id="com.example.myapplication:id/username"]'</msg>
<msg timestamp="20240109 16:56:19.657" level="INFO">xpath criteria: //android.widget.EditText[@resource-id="com.example.myapplication:id/username"]</msg>
<status status="PASS" starttime="20240109 16:56:18.795" endtime="20240109 16:56:19.658"/>
</kw>
<status status="PASS" starttime="20240109 16:56:18.794" endtime="20240109 16:56:19.658"/>
</kw>
<kw name="Input Password On Login Page" library="loginPage">
<arg>${password}</arg>
<kw name="Input Text" library="AppiumLibrary">
<arg>${password_input_loginPage}</arg>
<arg>${password}</arg>
<doc>Types the given `text` into text field identified by `locator`.</doc>
<msg timestamp="20240109 16:56:19.664" level="INFO">Typing text 'abc123' into text field '//android.widget.EditText[@resource-id="com.example.myapplication:id/password"]'</msg>
<msg timestamp="20240109 16:56:21.071" level="INFO">xpath criteria: //android.widget.EditText[@resource-id="com.example.myapplication:id/password"]</msg>
<status status="PASS" starttime="20240109 16:56:19.659" endtime="20240109 16:56:21.071"/>
</kw>
<status status="PASS" starttime="20240109 16:56:19.658" endtime="20240109 16:56:21.071"/>
</kw>
<kw name="Click Sign In Button loginPage" library="loginPage">
<kw name="Click Element" library="AppiumLibrary">
<arg>${signIn_Button_loginPage}</arg>
<doc>Click element identified by `locator`.</doc>
<msg timestamp="20240109 16:56:21.076" level="INFO">Clicking element '//android.widget.Button[@resource-id="com.example.myapplication:id/signIn"]'.</msg>
<msg timestamp="20240109 16:56:21.881" level="INFO">xpath criteria: //android.widget.Button[@resource-id="com.example.myapplication:id/signIn"]</msg>
<status status="PASS" starttime="20240109 16:56:21.072" endtime="20240109 16:56:21.882"/>
</kw>
<status status="PASS" starttime="20240109 16:56:21.071" endtime="20240109 16:56:21.882"/>
</kw>
<kw name="Verify User Log In" library="homePage">
<kw name="Wait Until Element Is Visible" library="AppiumLibrary">
<arg>${userName_view_homePage}</arg>
<doc>Waits until element specified with `locator` is visible.</doc>
<msg timestamp="20240109 16:56:22.873" level="INFO">xpath criteria: //android.widget.TextView[@resource-id="com.example.myapplication:id/textView"]
xpath criteria: //android.widget.TextView[@resource-id="com.example.myapplication:id/textView"]</msg>
<status status="PASS" starttime="20240109 16:56:21.883" endtime="20240109 16:56:22.874"/>
</kw>
<status status="PASS" starttime="20240109 16:56:21.882" endtime="20240109 16:56:22.874"/>
</kw>
<status status="PASS" starttime="20240109 16:56:03.803" endtime="20240109 16:56:22.874"/>
</kw>
<kw name="Click SearchLink In HomePage" library="searchPage">
<kw name="Click Element" library="AppiumLibrary">
<arg>${searchFlightLink}</arg>
<doc>Click element identified by `locator`.</doc>
<msg timestamp="20240109 16:56:22.879" level="INFO">Clicking element '//android.widget.Button[@resource-id="com.example.myapplication:id/search_flight"]'.</msg>
<msg timestamp="20240109 16:56:23.182" level="INFO">xpath criteria: //android.widget.Button[@resource-id="com.example.myapplication:id/search_flight"]</msg>
<status status="PASS" starttime="20240109 16:56:22.876" endtime="20240109 16:56:23.182"/>
</kw>
<status status="PASS" starttime="20240109 16:56:22.875" endtime="20240109 16:56:23.182"/>
</kw>
<kw name="Search Flight Appear" library="searchPage">
<kw name="Wait Until Element Is Visible" library="AppiumLibrary">
<arg>${searchFlightInput}</arg>
<doc>Waits until element specified with `locator` is visible.</doc>
<msg timestamp="20240109 16:56:24.482" level="INFO">xpath criteria: //android.widget.EditText[@resource-id="com.example.myapplication:id/flight_number"]
xpath criteria: //android.widget.EditText[@resource-id="com.example.myapplication:id/flight_number"]</msg>
<status status="PASS" starttime="20240109 16:56:23.184" endtime="20240109 16:56:24.482"/>
</kw>
<kw name="Wait Until Element Is Visible" library="AppiumLibrary">
<arg>${searchFlightButton}</arg>
<doc>Waits until element specified with `locator` is visible.</doc>
<msg timestamp="20240109 16:56:24.743" level="INFO">xpath criteria: //android.widget.Button[@resource-id="com.example.myapplication:id/searchFlight"]</msg>
<status status="PASS" starttime="20240109 16:56:24.483" endtime="20240109 16:56:24.743"/>
</kw>
<status status="PASS" starttime="20240109 16:56:23.183" endtime="20240109 16:56:24.744"/>
</kw>
<kw name="Click SearchFlight Button" library="searchPage">
<kw name="Click Element" library="AppiumLibrary">
<arg>${searchFlightButton}</arg>
<doc>Click element identified by `locator`.</doc>
<msg timestamp="20240109 16:56:24.751" level="INFO">Clicking element '//android.widget.Button[@resource-id="com.example.myapplication:id/searchFlight"]'.</msg>
<msg timestamp="20240109 16:56:25.051" level="INFO">xpath criteria: //android.widget.Button[@resource-id="com.example.myapplication:id/searchFlight"]</msg>
<status status="PASS" starttime="20240109 16:56:24.745" endtime="20240109 16:56:25.052"/>
</kw>
<status status="PASS" starttime="20240109 16:56:24.745" endtime="20240109 16:56:25.052"/>
</kw>
<kw name="Message Invalid Search Appear" library="searchPage">
<kw name="Wait Until Page Contains Element" library="AppiumLibrary">
<arg>${searchFlightMessage}</arg>
<doc>Waits until element specified with `locator` appears on current page.</doc>
<msg timestamp="20240109 16:56:25.335" level="INFO">xpath criteria: //android.widget.Toast[@text="Please enter valid Flight Number"]</msg>
<status status="PASS" starttime="20240109 16:56:25.053" endtime="20240109 16:56:25.335"/>
</kw>
<status status="PASS" starttime="20240109 16:56:25.053" endtime="20240109 16:56:25.335"/>
</kw>
<kw name="Close flight Application" library="base" type="TEARDOWN">
<kw name="Close Application" library="AppiumLibrary">
<doc>Closes the current application and also close webdriver session.</doc>
<status status="PASS" starttime="20240109 16:56:25.337" endtime="20240109 16:56:26.028"/>
</kw>
<status status="PASS" starttime="20240109 16:56:25.336" endtime="20240109 16:56:26.029"/>
</kw>
<status status="PASS" starttime="20240109 16:56:03.801" endtime="20240109 16:56:26.030"/>
</test>
<test id="s1-t3" name="User Not Be Able To Search Flight Number With InValid Flight Number" line="45">
<kw name="Login With Valid Credentials" library="loginPage" type="SETUP">
<arg>${validEmail}</arg>
<arg>${validPassword}</arg>
<kw name="Open flight Application" library="base">
<kw name="Open Application" library="AppiumLibrary">
<arg>remote_url=${REMOTE_URL}</arg>
<arg>platformName=${PLATFORM_NAME}</arg>
<arg>platformVersion=${PLATFORM_VERSION}</arg>
<arg>deviceName=${DEVICE_NAME}</arg>
<arg>appPackage=${APP_PACKAGE}</arg>
<arg>appActivity=${APP_ACTIVITY}</arg>
<doc>Opens a new application to given Appium server.
Capabilities of appium server, Android and iOS,
Please check https://github.com/appium/appium/blob/master/docs/en/writing-running-appium/server-args.md
| *Option*            | *Man.* | *Description*     |
| remote_url          | Yes    | Appium server url |
| alias               | no     | alias             |
| strict_ssl          | No     | allows you to send commands to an invalid certificate host like a self-signed one. |</doc>
<status status="PASS" starttime="20240109 16:56:26.036" endtime="20240109 16:56:38.401"/>
</kw>
<status status="PASS" starttime="20240109 16:56:26.035" endtime="20240109 16:56:38.401"/>
</kw>
<kw name="Click Sign In Button HomePage" library="homePage">
<kw name="Wait Until Element Is Visible" library="AppiumLibrary">
<arg>${signIn_Button}</arg>
<doc>Waits until element specified with `locator` is visible.</doc>
<msg timestamp="20240109 16:56:39.867" level="INFO">xpath criteria: //android.widget.Button[@resource-id="com.example.myapplication:id/login"]</msg>
<status status="PASS" starttime="20240109 16:56:38.402" endtime="20240109 16:56:39.868"/>
</kw>
<kw name="Click Element" library="AppiumLibrary">
<arg>${signIn_Button}</arg>
<doc>Click element identified by `locator`.</doc>
<msg timestamp="20240109 16:56:39.871" level="INFO">Clicking element '//android.widget.Button[@resource-id="com.example.myapplication:id/login"]'.</msg>
<msg timestamp="20240109 16:56:40.139" level="INFO">xpath criteria: //android.widget.Button[@resource-id="com.example.myapplication:id/login"]</msg>
<status status="PASS" starttime="20240109 16:56:39.868" endtime="20240109 16:56:40.139"/>
</kw>
<status status="PASS" starttime="20240109 16:56:38.402" endtime="20240109 16:56:40.139"/>
</kw>
<kw name="Verify Login Page Appear" library="loginPage">
<kw name="Wait Until Element Is Visible" library="AppiumLibrary">
<arg>${userName_input_loginPage}</arg>
<doc>Waits until element specified with `locator` is visible.</doc>
<msg timestamp="20240109 16:56:41.150" level="INFO">xpath criteria: //android.widget.EditText[@resource-id="com.example.myapplication:id/username"]</msg>
<status status="PASS" starttime="20240109 16:56:40.140" endtime="20240109 16:56:41.150"/>
</kw>
<kw name="Wait Until Element Is Visible" library="AppiumLibrary">
<arg>${password_input_loginPage}</arg>
<doc>Waits until element specified with `locator` is visible.</doc>
<msg timestamp="20240109 16:56:41.364" level="INFO">xpath criteria: //android.widget.EditText[@resource-id="com.example.myapplication:id/password"]</msg>
<status status="PASS" starttime="20240109 16:56:41.151" endtime="20240109 16:56:41.364"/>
</kw>
<kw name="Wait Until Element Is Visible" library="AppiumLibrary">
<arg>${signIn_Button_loginPage}</arg>
<doc>Waits until element specified with `locator` is visible.</doc>
<msg timestamp="20240109 16:56:41.585" level="INFO">xpath criteria: //android.widget.Button[@resource-id="com.example.myapplication:id/signIn"]</msg>
<status status="PASS" starttime="20240109 16:56:41.365" endtime="20240109 16:56:41.585"/>
</kw>
<status status="PASS" starttime="20240109 16:56:40.139" endtime="20240109 16:56:41.586"/>
</kw>
<kw name="Input Username On Login Page" library="loginPage">
<arg>${email}</arg>
<kw name="Input Text" library="AppiumLibrary">
<arg>${userName_input_loginPage}</arg>
<arg>${email}</arg>
<doc>Types the given `text` into text field identified by `locator`.</doc>
<msg timestamp="20240109 16:56:41.592" level="INFO">Typing text 'support@ngendigital.com' into text field '//android.widget.EditText[@resource-id="com.example.myapplication:id/username"]'</msg>
<msg timestamp="20240109 16:56:41.877" level="INFO">xpath criteria: //android.widget.EditText[@resource-id="com.example.myapplication:id/username"]</msg>
<status status="PASS" starttime="20240109 16:56:41.587" endtime="20240109 16:56:41.877"/>
</kw>
<status status="PASS" starttime="20240109 16:56:41.586" endtime="20240109 16:56:41.877"/>
</kw>
<kw name="Input Password On Login Page" library="loginPage">
<arg>${password}</arg>
<kw name="Input Text" library="AppiumLibrary">
<arg>${password_input_loginPage}</arg>
<arg>${password}</arg>
<doc>Types the given `text` into text field identified by `locator`.</doc>
<msg timestamp="20240109 16:56:41.882" level="INFO">Typing text 'abc123' into text field '//android.widget.EditText[@resource-id="com.example.myapplication:id/password"]'</msg>
<msg timestamp="20240109 16:56:42.632" level="INFO">xpath criteria: //android.widget.EditText[@resource-id="com.example.myapplication:id/password"]</msg>
<status status="PASS" starttime="20240109 16:56:41.878" endtime="20240109 16:56:42.632"/>
</kw>
<status status="PASS" starttime="20240109 16:56:41.877" endtime="20240109 16:56:42.632"/>
</kw>
<kw name="Click Sign In Button loginPage" library="loginPage">
<kw name="Click Element" library="AppiumLibrary">
<arg>${signIn_Button_loginPage}</arg>
<doc>Click element identified by `locator`.</doc>
<msg timestamp="20240109 16:56:42.638" level="INFO">Clicking element '//android.widget.Button[@resource-id="com.example.myapplication:id/signIn"]'.</msg>
<msg timestamp="20240109 16:56:43.813" level="INFO">xpath criteria: //android.widget.Button[@resource-id="com.example.myapplication:id/signIn"]</msg>
<status status="PASS" starttime="20240109 16:56:42.633" endtime="20240109 16:56:43.814"/>
</kw>
<status status="PASS" starttime="20240109 16:56:42.632" endtime="20240109 16:56:43.814"/>
</kw>
<kw name="Verify User Log In" library="homePage">
<kw name="Wait Until Element Is Visible" library="AppiumLibrary">
<arg>${userName_view_homePage}</arg>
<doc>Waits until element specified with `locator` is visible.</doc>
<msg timestamp="20240109 16:56:44.748" level="INFO">xpath criteria: //android.widget.TextView[@resource-id="com.example.myapplication:id/textView"]
xpath criteria: //android.widget.TextView[@resource-id="com.example.myapplication:id/textView"]</msg>
<status status="PASS" starttime="20240109 16:56:43.815" endtime="20240109 16:56:44.748"/>
</kw>
<status status="PASS" starttime="20240109 16:56:43.814" endtime="20240109 16:56:44.748"/>
</kw>
<status status="PASS" starttime="20240109 16:56:26.034" endtime="20240109 16:56:44.748"/>
</kw>
<kw name="Click SearchLink In HomePage" library="searchPage">
<kw name="Click Element" library="AppiumLibrary">
<arg>${searchFlightLink}</arg>
<doc>Click element identified by `locator`.</doc>
<msg timestamp="20240109 16:56:44.755" level="INFO">Clicking element '//android.widget.Button[@resource-id="com.example.myapplication:id/search_flight"]'.</msg>
<msg timestamp="20240109 16:56:45.069" level="INFO">xpath criteria: //android.widget.Button[@resource-id="com.example.myapplication:id/search_flight"]</msg>
<status status="PASS" starttime="20240109 16:56:44.750" endtime="20240109 16:56:45.069"/>
</kw>
<status status="PASS" starttime="20240109 16:56:44.749" endtime="20240109 16:56:45.069"/>
</kw>
<kw name="Search Flight Appear" library="searchPage">
<kw name="Wait Until Element Is Visible" library="AppiumLibrary">
<arg>${searchFlightInput}</arg>
<doc>Waits until element specified with `locator` is visible.</doc>
<msg timestamp="20240109 16:56:46.296" level="INFO">xpath criteria: //android.widget.EditText[@resource-id="com.example.myapplication:id/flight_number"]</msg>
<status status="PASS" starttime="20240109 16:56:45.071" endtime="20240109 16:56:46.296"/>
</kw>
<kw name="Wait Until Element Is Visible" library="AppiumLibrary">
<arg>${searchFlightButton}</arg>
<doc>Waits until element specified with `locator` is visible.</doc>
<msg timestamp="20240109 16:56:46.554" level="INFO">xpath criteria: //android.widget.Button[@resource-id="com.example.myapplication:id/searchFlight"]</msg>
<status status="PASS" starttime="20240109 16:56:46.297" endtime="20240109 16:56:46.554"/>
</kw>
<status status="PASS" starttime="20240109 16:56:45.070" endtime="20240109 16:56:46.554"/>
</kw>
<kw name="Input Flight Number" library="searchPage">
<arg>${invalidFlightNumber}</arg>
<kw name="Click Element" library="AppiumLibrary">
<arg>${searchFlightInput}</arg>
<doc>Click element identified by `locator`.</doc>
<msg timestamp="20240109 16:56:46.562" level="INFO">Clicking element '//android.widget.EditText[@resource-id="com.example.myapplication:id/flight_number"]'.</msg>
<msg timestamp="20240109 16:56:46.941" level="INFO">xpath criteria: //android.widget.EditText[@resource-id="com.example.myapplication:id/flight_number"]</msg>
<status status="PASS" starttime="20240109 16:56:46.556" endtime="20240109 16:56:46.941"/>
</kw>
<kw name="Input Text Into Current Element" library="AppiumLibrary">
<arg>${flightNumber}</arg>
<doc>Types the given `text` into currently selected text field.</doc>
<msg timestamp="20240109 16:56:46.948" level="INFO">Typing text '12345' into current text field</msg>
<status status="PASS" starttime="20240109 16:56:46.942" endtime="20240109 16:56:47.800"/>
</kw>
<status status="PASS" starttime="20240109 16:56:46.555" endtime="20240109 16:56:47.801"/>
</kw>
<kw name="Click SearchFlight Button" library="searchPage">
<kw name="Click Element" library="AppiumLibrary">
<arg>${searchFlightButton}</arg>
<doc>Click element identified by `locator`.</doc>
<msg timestamp="20240109 16:56:47.808" level="INFO">Clicking element '//android.widget.Button[@resource-id="com.example.myapplication:id/searchFlight"]'.</msg>
<msg timestamp="20240109 16:56:48.799" level="INFO">xpath criteria: //android.widget.Button[@resource-id="com.example.myapplication:id/searchFlight"]</msg>
<status status="PASS" starttime="20240109 16:56:47.803" endtime="20240109 16:56:48.800"/>
</kw>
<status status="PASS" starttime="20240109 16:56:47.802" endtime="20240109 16:56:48.800"/>
</kw>
<kw name="Message Invalid Search Appear" library="searchPage">
<kw name="Wait Until Page Contains Element" library="AppiumLibrary">
<arg>${searchFlightMessage}</arg>
<doc>Waits until element specified with `locator` appears on current page.</doc>
<msg timestamp="20240109 16:56:52.246" level="INFO">xpath criteria: //android.widget.Toast[@text="Please enter valid Flight Number"]
xpath criteria: //android.widget.Toast[@text="Please enter valid Flight Number"]
xpath criteria: //android.widget.Toast[@text="Please enter valid Flight Number"]
xpath criteria: //android.widget.Toast[@text="Please enter valid Flight Number"]</msg>
<status status="PASS" starttime="20240109 16:56:48.801" endtime="20240109 16:56:52.246"/>
</kw>
<status status="PASS" starttime="20240109 16:56:48.801" endtime="20240109 16:56:52.246"/>
</kw>
<kw name="Close flight Application" library="base" type="TEARDOWN">
<kw name="Close Application" library="AppiumLibrary">
<doc>Closes the current application and also close webdriver session.</doc>
<status status="PASS" starttime="20240109 16:56:52.249" endtime="20240109 16:56:52.877"/>
</kw>
<status status="PASS" starttime="20240109 16:56:52.248" endtime="20240109 16:56:52.877"/>
</kw>
<status status="PASS" starttime="20240109 16:56:26.032" endtime="20240109 16:56:52.878"/>
</test>
<status status="PASS" starttime="20240109 16:55:36.774" endtime="20240109 16:56:52.881"/>
</suite>
<statistics>
<total>
<stat pass="3" fail="0" skip="0">All Tests</stat>
</total>
<tag>
</tag>
<suite>
<stat pass="3" fail="0" skip="0" id="s1" name="searchSuites">searchSuites</stat>
</suite>
</statistics>
<errors>
</errors>
</robot>
